<?xml version="1.0" encoding="UTF-8"?>
<!-- Generated by org.testng.reporters.JUnitReportReporter -->
<testsuite hostname="LAPTOP-QH8NFJ6B" failures="0" tests="1" name="BasicScripts.OpenChromeBrowser" time="8.208" errors="0" timestamp="2025-08-16T13:02:23 IST" skipped="0">
  <testcase classname="BasicScripts.OpenChromeBrowser" name="ChromeOpen" time="8.208"/>
</testsuite> <!-- BasicScripts.OpenChromeBrowser -->
